Analysis & Synthesis report for bit16
Sun May 30 05:15:52 2021
Quartus Prime Version 19.1.0 Build 670 09/22/2019 SJ Lite Edition


---------------------
; Table of Contents ;
---------------------
  1. Legal Notice
  2. Analysis & Synthesis Summary
  3. Analysis & Synthesis Settings
  4. Parallel Compilation
  5. Analysis & Synthesis Source Files Read
  6. Analysis & Synthesis Resource Usage Summary
  7. Analysis & Synthesis Resource Utilization by Entity
  8. General Register Statistics
  9. Multiplexer Restructuring Statistics (Restructuring Performed)
 10. Analysis & Synthesis Messages



----------------
; Legal Notice ;
----------------
Copyright (C) 2019  Intel Corporation. All rights reserved.
Your use of Intel Corporation's design tools, logic functions 
and other software and tools, and any partner logic 
functions, and any output files from any of the foregoing 
(including device programming or simulation files), and any 
associated documentation or information are expressly subject 
to the terms and conditions of the Intel Program License 
Subscription Agreement, the Intel Quartus Prime License Agreement,
the Intel FPGA IP License Agreement, or other applicable license
agreement, including, without limitation, that your use is for
the sole purpose of programming logic devices manufactured by
Intel and sold by Intel or its authorized distributors.  Please
refer to the applicable agreement for further details, at
https://fpgasoftware.intel.com/eula.



+---------------------------------------------------------------------------+
; Analysis & Synthesis Summary                                              ;
+-----------------------------+---------------------------------------------+
; Analysis & Synthesis Status ; Successful - Sun May 30 05:15:52 2021       ;
; Quartus Prime Version       ; 19.1.0 Build 670 09/22/2019 SJ Lite Edition ;
; Revision Name               ; bit16                                       ;
; Top-level Entity Name       ; bit16                                       ;
; Family                      ; MAX V                                       ;
; Total logic elements        ; 84                                          ;
; Total pins                  ; 52                                          ;
; Total virtual pins          ; 0                                           ;
; UFM blocks                  ; 0 / 1 ( 0 % )                               ;
+-----------------------------+---------------------------------------------+


+------------------------------------------------------------------------------------------------------------+
; Analysis & Synthesis Settings                                                                              ;
+------------------------------------------------------------------+--------------------+--------------------+
; Option                                                           ; Setting            ; Default Value      ;
+------------------------------------------------------------------+--------------------+--------------------+
; Top-level entity name                                            ; bit16              ; bit16              ;
; Family name                                                      ; MAX V              ; Cyclone V          ;
; Use smart compilation                                            ; Off                ; Off                ;
; Enable parallel Assembler and Timing Analyzer during compilation ; On                 ; On                 ;
; Enable compact report table                                      ; Off                ; Off                ;
; Restructure Multiplexers                                         ; Auto               ; Auto               ;
; Create Debugging Nodes for IP Cores                              ; Off                ; Off                ;
; Preserve fewer node names                                        ; On                 ; On                 ;
; Intel FPGA IP Evaluation Mode                                    ; Enable             ; Enable             ;
; Verilog Version                                                  ; Verilog_2001       ; Verilog_2001       ;
; VHDL Version                                                     ; VHDL_1993          ; VHDL_1993          ;
; State Machine Processing                                         ; Auto               ; Auto               ;
; Safe State Machine                                               ; Off                ; Off                ;
; Extract Verilog State Machines                                   ; On                 ; On                 ;
; Extract VHDL State Machines                                      ; On                 ; On                 ;
; Ignore Verilog initial constructs                                ; Off                ; Off                ;
; Iteration limit for constant Verilog loops                       ; 5000               ; 5000               ;
; Iteration limit for non-constant Verilog loops                   ; 250                ; 250                ;
; Add Pass-Through Logic to Inferred RAMs                          ; On                 ; On                 ;
; Infer RAMs from Raw Logic                                        ; On                 ; On                 ;
; Parallel Synthesis                                               ; On                 ; On                 ;
; NOT Gate Push-Back                                               ; On                 ; On                 ;
; Power-Up Don't Care                                              ; On                 ; On                 ;
; Remove Redundant Logic Cells                                     ; Off                ; Off                ;
; Remove Duplicate Registers                                       ; On                 ; On                 ;
; Ignore CARRY Buffers                                             ; Off                ; Off                ;
; Ignore CASCADE Buffers                                           ; Off                ; Off                ;
; Ignore GLOBAL Buffers                                            ; Off                ; Off                ;
; Ignore ROW GLOBAL Buffers                                        ; Off                ; Off                ;
; Ignore LCELL Buffers                                             ; Off                ; Off                ;
; Ignore SOFT Buffers                                              ; On                 ; On                 ;
; Limit AHDL Integers to 32 Bits                                   ; Off                ; Off                ;
; Optimization Technique                                           ; Balanced           ; Balanced           ;
; Carry Chain Length                                               ; 70                 ; 70                 ;
; Auto Carry Chains                                                ; On                 ; On                 ;
; Auto Open-Drain Pins                                             ; On                 ; On                 ;
; Perform WYSIWYG Primitive Resynthesis                            ; Off                ; Off                ;
; Auto Shift Register Replacement                                  ; Auto               ; Auto               ;
; Allow Shift Register Merging across Hierarchies                  ; Auto               ; Auto               ;
; Auto Clock Enable Replacement                                    ; On                 ; On                 ;
; Allow Synchronous Control Signals                                ; On                 ; On                 ;
; Force Use of Synchronous Clear Signals                           ; Off                ; Off                ;
; Auto Resource Sharing                                            ; Off                ; Off                ;
; Use LogicLock Constraints during Resource Balancing              ; On                 ; On                 ;
; Ignore translate_off and synthesis_off directives                ; Off                ; Off                ;
; Report Parameter Settings                                        ; On                 ; On                 ;
; Report Source Assignments                                        ; On                 ; On                 ;
; Report Connectivity Checks                                       ; On                 ; On                 ;
; Ignore Maximum Fan-Out Assignments                               ; Off                ; Off                ;
; Synchronization Register Chain Length                            ; 2                  ; 2                  ;
; Power Optimization During Synthesis                              ; Normal compilation ; Normal compilation ;
; HDL message level                                                ; Level2             ; Level2             ;
; Suppress Register Optimization Related Messages                  ; Off                ; Off                ;
; Number of Removed Registers Reported in Synthesis Report         ; 5000               ; 5000               ;
; Number of Swept Nodes Reported in Synthesis Report               ; 5000               ; 5000               ;
; Number of Inverted Registers Reported in Synthesis Report        ; 100                ; 100                ;
; Clock MUX Protection                                             ; On                 ; On                 ;
; Block Design Naming                                              ; Auto               ; Auto               ;
; Synthesis Effort                                                 ; Auto               ; Auto               ;
; Shift Register Replacement - Allow Asynchronous Clear Signal     ; On                 ; On                 ;
; Analysis & Synthesis Message Level                               ; Medium             ; Medium             ;
; Disable Register Merging Across Hierarchies                      ; Auto               ; Auto               ;
+------------------------------------------------------------------+--------------------+--------------------+


+------------------------------------------+
; Parallel Compilation                     ;
+----------------------------+-------------+
; Processors                 ; Number      ;
+----------------------------+-------------+
; Number detected on machine ; 6           ;
; Maximum allowed            ; 6           ;
;                            ;             ;
; Average used               ; 1.00        ;
; Maximum used               ; 1           ;
;                            ;             ;
; Usage by Processor         ; % Time Used ;
;     Processor 1            ; 100.0%      ;
+----------------------------+-------------+


+---------------------------------------------------------------------------------------------------------------------------------+
; Analysis & Synthesis Source Files Read                                                                                          ;
+----------------------------------+-----------------+-----------------+------------------------------------------------+---------+
; File Name with User-Entered Path ; Used in Netlist ; File Type       ; File Name with Absolute Path                   ; Library ;
+----------------------------------+-----------------+-----------------+------------------------------------------------+---------+
; bit16.vhd                        ; yes             ; User VHDL File  ; C:/Users/Senio/Desktop/DSD-113/bit16/bit16.vhd ;         ;
+----------------------------------+-----------------+-----------------+------------------------------------------------+---------+


+---------------------------------------------------------+
; Analysis & Synthesis Resource Usage Summary             ;
+---------------------------------------------+-----------+
; Resource                                    ; Usage     ;
+---------------------------------------------+-----------+
; Total logic elements                        ; 84        ;
;     -- Combinational with no register       ; 84        ;
;     -- Register only                        ; 0         ;
;     -- Combinational with a register        ; 0         ;
;                                             ;           ;
; Logic element usage by number of LUT inputs ;           ;
;     -- 4 input functions                    ; 49        ;
;     -- 3 input functions                    ; 34        ;
;     -- 2 input functions                    ; 1         ;
;     -- 1 input functions                    ; 0         ;
;     -- 0 input functions                    ; 0         ;
;                                             ;           ;
; Logic elements by mode                      ;           ;
;     -- normal mode                          ; 84        ;
;     -- arithmetic mode                      ; 0         ;
;     -- qfbk mode                            ; 0         ;
;     -- register cascade mode                ; 0         ;
;     -- synchronous clear/load mode          ; 0         ;
;     -- asynchronous clear/load mode         ; 0         ;
;                                             ;           ;
; Total registers                             ; 0         ;
; I/O pins                                    ; 52        ;
; Maximum fan-out node                        ; opcode[1] ;
; Maximum fan-out                             ; 36        ;
; Total fan-out                               ; 317       ;
; Average fan-out                             ; 2.33      ;
+---------------------------------------------+-----------+


+-----------------------------------------------------------------------------------------------------------------------------------------------------------------------------------------------------------------------------------------------------+
; Analysis & Synthesis Resource Utilization by Entity                                                                                                                                                                                                 ;
+-----------------------------+-------------+--------------+------------+------+--------------+--------------+-------------------+------------------+-----------------+------------+-------------------------------------+-------------+--------------+
; Compilation Hierarchy Node  ; Logic Cells ; LC Registers ; UFM Blocks ; Pins ; Virtual Pins ; LUT-Only LCs ; Register-Only LCs ; LUT/Register LCs ; Carry Chain LCs ; Packed LCs ; Full Hierarchy Name                 ; Entity Name ; Library Name ;
+-----------------------------+-------------+--------------+------------+------+--------------+--------------+-------------------+------------------+-----------------+------------+-------------------------------------+-------------+--------------+
; |bit16                      ; 84 (0)      ; 0            ; 0          ; 52   ; 0            ; 84 (0)       ; 0 (0)             ; 0 (0)            ; 0 (0)           ; 0 (0)      ; |bit16                              ; bit16       ; work         ;
;    |bit1:\I1:0:Bit1s|       ; 4 (0)       ; 0            ; 0          ; 0    ; 0            ; 4 (0)        ; 0 (0)             ; 0 (0)            ; 0 (0)           ; 0 (0)      ; |bit16|bit1:\I1:0:Bit1s             ; bit1        ; work         ;
;       |add:I6|              ; 1 (1)       ; 0            ; 0          ; 0    ; 0            ; 1 (1)        ; 0 (0)             ; 0 (0)            ; 0 (0)           ; 0 (0)      ; |bit16|bit1:\I1:0:Bit1s|add:I6      ; add         ; work         ;
;       |mux4to1:I8|          ; 3 (3)       ; 0            ; 0          ; 0    ; 0            ; 3 (3)        ; 0 (0)             ; 0 (0)            ; 0 (0)           ; 0 (0)      ; |bit16|bit1:\I1:0:Bit1s|mux4to1:I8  ; mux4to1     ; work         ;
;    |bit1:\I1:10:Bit1s|      ; 5 (0)       ; 0            ; 0          ; 0    ; 0            ; 5 (0)        ; 0 (0)             ; 0 (0)            ; 0 (0)           ; 0 (0)      ; |bit16|bit1:\I1:10:Bit1s            ; bit1        ; work         ;
;       |add:I6|              ; 1 (1)       ; 0            ; 0          ; 0    ; 0            ; 1 (1)        ; 0 (0)             ; 0 (0)            ; 0 (0)           ; 0 (0)      ; |bit16|bit1:\I1:10:Bit1s|add:I6     ; add         ; work         ;
;       |mux4to1:I8|          ; 3 (3)       ; 0            ; 0          ; 0    ; 0            ; 3 (3)        ; 0 (0)             ; 0 (0)            ; 0 (0)           ; 0 (0)      ; |bit16|bit1:\I1:10:Bit1s|mux4to1:I8 ; mux4to1     ; work         ;
;       |sub:I3|              ; 1 (1)       ; 0            ; 0          ; 0    ; 0            ; 1 (1)        ; 0 (0)             ; 0 (0)            ; 0 (0)           ; 0 (0)      ; |bit16|bit1:\I1:10:Bit1s|sub:I3     ; sub         ; work         ;
;    |bit1:\I1:11:Bit1s|      ; 5 (0)       ; 0            ; 0          ; 0    ; 0            ; 5 (0)        ; 0 (0)             ; 0 (0)            ; 0 (0)           ; 0 (0)      ; |bit16|bit1:\I1:11:Bit1s            ; bit1        ; work         ;
;       |add:I6|              ; 1 (1)       ; 0            ; 0          ; 0    ; 0            ; 1 (1)        ; 0 (0)             ; 0 (0)            ; 0 (0)           ; 0 (0)      ; |bit16|bit1:\I1:11:Bit1s|add:I6     ; add         ; work         ;
;       |mux4to1:I8|          ; 3 (3)       ; 0            ; 0          ; 0    ; 0            ; 3 (3)        ; 0 (0)             ; 0 (0)            ; 0 (0)           ; 0 (0)      ; |bit16|bit1:\I1:11:Bit1s|mux4to1:I8 ; mux4to1     ; work         ;
;       |sub:I3|              ; 1 (1)       ; 0            ; 0          ; 0    ; 0            ; 1 (1)        ; 0 (0)             ; 0 (0)            ; 0 (0)           ; 0 (0)      ; |bit16|bit1:\I1:11:Bit1s|sub:I3     ; sub         ; work         ;
;    |bit1:\I1:12:Bit1s|      ; 5 (0)       ; 0            ; 0          ; 0    ; 0            ; 5 (0)        ; 0 (0)             ; 0 (0)            ; 0 (0)           ; 0 (0)      ; |bit16|bit1:\I1:12:Bit1s            ; bit1        ; work         ;
;       |add:I6|              ; 1 (1)       ; 0            ; 0          ; 0    ; 0            ; 1 (1)        ; 0 (0)             ; 0 (0)            ; 0 (0)           ; 0 (0)      ; |bit16|bit1:\I1:12:Bit1s|add:I6     ; add         ; work         ;
;       |mux4to1:I8|          ; 3 (3)       ; 0            ; 0          ; 0    ; 0            ; 3 (3)        ; 0 (0)             ; 0 (0)            ; 0 (0)           ; 0 (0)      ; |bit16|bit1:\I1:12:Bit1s|mux4to1:I8 ; mux4to1     ; work         ;
;       |sub:I3|              ; 1 (1)       ; 0            ; 0          ; 0    ; 0            ; 1 (1)        ; 0 (0)             ; 0 (0)            ; 0 (0)           ; 0 (0)      ; |bit16|bit1:\I1:12:Bit1s|sub:I3     ; sub         ; work         ;
;    |bit1:\I1:13:Bit1s|      ; 5 (0)       ; 0            ; 0          ; 0    ; 0            ; 5 (0)        ; 0 (0)             ; 0 (0)            ; 0 (0)           ; 0 (0)      ; |bit16|bit1:\I1:13:Bit1s            ; bit1        ; work         ;
;       |add:I6|              ; 1 (1)       ; 0            ; 0          ; 0    ; 0            ; 1 (1)        ; 0 (0)             ; 0 (0)            ; 0 (0)           ; 0 (0)      ; |bit16|bit1:\I1:13:Bit1s|add:I6     ; add         ; work         ;
;       |mux4to1:I8|          ; 3 (3)       ; 0            ; 0          ; 0    ; 0            ; 3 (3)        ; 0 (0)             ; 0 (0)            ; 0 (0)           ; 0 (0)      ; |bit16|bit1:\I1:13:Bit1s|mux4to1:I8 ; mux4to1     ; work         ;
;       |sub:I3|              ; 1 (1)       ; 0            ; 0          ; 0    ; 0            ; 1 (1)        ; 0 (0)             ; 0 (0)            ; 0 (0)           ; 0 (0)      ; |bit16|bit1:\I1:13:Bit1s|sub:I3     ; sub         ; work         ;
;    |bit1:\I1:14:Bit1s|      ; 5 (0)       ; 0            ; 0          ; 0    ; 0            ; 5 (0)        ; 0 (0)             ; 0 (0)            ; 0 (0)           ; 0 (0)      ; |bit16|bit1:\I1:14:Bit1s            ; bit1        ; work         ;
;       |add:I6|              ; 1 (1)       ; 0            ; 0          ; 0    ; 0            ; 1 (1)        ; 0 (0)             ; 0 (0)            ; 0 (0)           ; 0 (0)      ; |bit16|bit1:\I1:14:Bit1s|add:I6     ; add         ; work         ;
;       |mux4to1:I8|          ; 3 (3)       ; 0            ; 0          ; 0    ; 0            ; 3 (3)        ; 0 (0)             ; 0 (0)            ; 0 (0)           ; 0 (0)      ; |bit16|bit1:\I1:14:Bit1s|mux4to1:I8 ; mux4to1     ; work         ;
;       |sub:I3|              ; 1 (1)       ; 0            ; 0          ; 0    ; 0            ; 1 (1)        ; 0 (0)             ; 0 (0)            ; 0 (0)           ; 0 (0)      ; |bit16|bit1:\I1:14:Bit1s|sub:I3     ; sub         ; work         ;
;    |bit1:\I1:15:Bit1s|      ; 5 (0)       ; 0            ; 0          ; 0    ; 0            ; 5 (0)        ; 0 (0)             ; 0 (0)            ; 0 (0)           ; 0 (0)      ; |bit16|bit1:\I1:15:Bit1s            ; bit1        ; work         ;
;       |add:I6|              ; 1 (1)       ; 0            ; 0          ; 0    ; 0            ; 1 (1)        ; 0 (0)             ; 0 (0)            ; 0 (0)           ; 0 (0)      ; |bit16|bit1:\I1:15:Bit1s|add:I6     ; add         ; work         ;
;       |mux4to1:I8|          ; 3 (3)       ; 0            ; 0          ; 0    ; 0            ; 3 (3)        ; 0 (0)             ; 0 (0)            ; 0 (0)           ; 0 (0)      ; |bit16|bit1:\I1:15:Bit1s|mux4to1:I8 ; mux4to1     ; work         ;
;       |sub:I3|              ; 1 (1)       ; 0            ; 0          ; 0    ; 0            ; 1 (1)        ; 0 (0)             ; 0 (0)            ; 0 (0)           ; 0 (0)      ; |bit16|bit1:\I1:15:Bit1s|sub:I3     ; sub         ; work         ;
;    |bit1:\I1:1:Bit1s|       ; 5 (0)       ; 0            ; 0          ; 0    ; 0            ; 5 (0)        ; 0 (0)             ; 0 (0)            ; 0 (0)           ; 0 (0)      ; |bit16|bit1:\I1:1:Bit1s             ; bit1        ; work         ;
;       |add:I6|              ; 1 (1)       ; 0            ; 0          ; 0    ; 0            ; 1 (1)        ; 0 (0)             ; 0 (0)            ; 0 (0)           ; 0 (0)      ; |bit16|bit1:\I1:1:Bit1s|add:I6      ; add         ; work         ;
;       |mux4to1:I8|          ; 3 (3)       ; 0            ; 0          ; 0    ; 0            ; 3 (3)        ; 0 (0)             ; 0 (0)            ; 0 (0)           ; 0 (0)      ; |bit16|bit1:\I1:1:Bit1s|mux4to1:I8  ; mux4to1     ; work         ;
;       |sub:I3|              ; 1 (1)       ; 0            ; 0          ; 0    ; 0            ; 1 (1)        ; 0 (0)             ; 0 (0)            ; 0 (0)           ; 0 (0)      ; |bit16|bit1:\I1:1:Bit1s|sub:I3      ; sub         ; work         ;
;    |bit1:\I1:2:Bit1s|       ; 5 (0)       ; 0            ; 0          ; 0    ; 0            ; 5 (0)        ; 0 (0)             ; 0 (0)            ; 0 (0)           ; 0 (0)      ; |bit16|bit1:\I1:2:Bit1s             ; bit1        ; work         ;
;       |add:I6|              ; 1 (1)       ; 0            ; 0          ; 0    ; 0            ; 1 (1)        ; 0 (0)             ; 0 (0)            ; 0 (0)           ; 0 (0)      ; |bit16|bit1:\I1:2:Bit1s|add:I6      ; add         ; work         ;
;       |mux4to1:I8|          ; 3 (3)       ; 0            ; 0          ; 0    ; 0            ; 3 (3)        ; 0 (0)             ; 0 (0)            ; 0 (0)           ; 0 (0)      ; |bit16|bit1:\I1:2:Bit1s|mux4to1:I8  ; mux4to1     ; work         ;
;       |sub:I3|              ; 1 (1)       ; 0            ; 0          ; 0    ; 0            ; 1 (1)        ; 0 (0)             ; 0 (0)            ; 0 (0)           ; 0 (0)      ; |bit16|bit1:\I1:2:Bit1s|sub:I3      ; sub         ; work         ;
;    |bit1:\I1:3:Bit1s|       ; 5 (0)       ; 0            ; 0          ; 0    ; 0            ; 5 (0)        ; 0 (0)             ; 0 (0)            ; 0 (0)           ; 0 (0)      ; |bit16|bit1:\I1:3:Bit1s             ; bit1        ; work         ;
;       |add:I6|              ; 1 (1)       ; 0            ; 0          ; 0    ; 0            ; 1 (1)        ; 0 (0)             ; 0 (0)            ; 0 (0)           ; 0 (0)      ; |bit16|bit1:\I1:3:Bit1s|add:I6      ; add         ; work         ;
;       |mux4to1:I8|          ; 3 (3)       ; 0            ; 0          ; 0    ; 0            ; 3 (3)        ; 0 (0)             ; 0 (0)            ; 0 (0)           ; 0 (0)      ; |bit16|bit1:\I1:3:Bit1s|mux4to1:I8  ; mux4to1     ; work         ;
;       |sub:I3|              ; 1 (1)       ; 0            ; 0          ; 0    ; 0            ; 1 (1)        ; 0 (0)             ; 0 (0)            ; 0 (0)           ; 0 (0)      ; |bit16|bit1:\I1:3:Bit1s|sub:I3      ; sub         ; work         ;
;    |bit1:\I1:4:Bit1s|       ; 5 (0)       ; 0            ; 0          ; 0    ; 0            ; 5 (0)        ; 0 (0)             ; 0 (0)            ; 0 (0)           ; 0 (0)      ; |bit16|bit1:\I1:4:Bit1s             ; bit1        ; work         ;
;       |add:I6|              ; 1 (1)       ; 0            ; 0          ; 0    ; 0            ; 1 (1)        ; 0 (0)             ; 0 (0)            ; 0 (0)           ; 0 (0)      ; |bit16|bit1:\I1:4:Bit1s|add:I6      ; add         ; work         ;
;       |mux4to1:I8|          ; 3 (3)       ; 0            ; 0          ; 0    ; 0            ; 3 (3)        ; 0 (0)             ; 0 (0)            ; 0 (0)           ; 0 (0)      ; |bit16|bit1:\I1:4:Bit1s|mux4to1:I8  ; mux4to1     ; work         ;
;       |sub:I3|              ; 1 (1)       ; 0            ; 0          ; 0    ; 0            ; 1 (1)        ; 0 (0)             ; 0 (0)            ; 0 (0)           ; 0 (0)      ; |bit16|bit1:\I1:4:Bit1s|sub:I3      ; sub         ; work         ;
;    |bit1:\I1:5:Bit1s|       ; 5 (0)       ; 0            ; 0          ; 0    ; 0            ; 5 (0)        ; 0 (0)             ; 0 (0)            ; 0 (0)           ; 0 (0)      ; |bit16|bit1:\I1:5:Bit1s             ; bit1        ; work         ;
;       |add:I6|              ; 1 (1)       ; 0            ; 0          ; 0    ; 0            ; 1 (1)        ; 0 (0)             ; 0 (0)            ; 0 (0)           ; 0 (0)      ; |bit16|bit1:\I1:5:Bit1s|add:I6      ; add         ; work         ;
;       |mux4to1:I8|          ; 3 (3)       ; 0            ; 0          ; 0    ; 0            ; 3 (3)        ; 0 (0)             ; 0 (0)            ; 0 (0)           ; 0 (0)      ; |bit16|bit1:\I1:5:Bit1s|mux4to1:I8  ; mux4to1     ; work         ;
;       |sub:I3|              ; 1 (1)       ; 0            ; 0          ; 0    ; 0            ; 1 (1)        ; 0 (0)             ; 0 (0)            ; 0 (0)           ; 0 (0)      ; |bit16|bit1:\I1:5:Bit1s|sub:I3      ; sub         ; work         ;
;    |bit1:\I1:6:Bit1s|       ; 5 (0)       ; 0            ; 0          ; 0    ; 0            ; 5 (0)        ; 0 (0)             ; 0 (0)            ; 0 (0)           ; 0 (0)      ; |bit16|bit1:\I1:6:Bit1s             ; bit1        ; work         ;
;       |add:I6|              ; 1 (1)       ; 0            ; 0          ; 0    ; 0            ; 1 (1)        ; 0 (0)             ; 0 (0)            ; 0 (0)           ; 0 (0)      ; |bit16|bit1:\I1:6:Bit1s|add:I6      ; add         ; work         ;
;       |mux4to1:I8|          ; 3 (3)       ; 0            ; 0          ; 0    ; 0            ; 3 (3)        ; 0 (0)             ; 0 (0)            ; 0 (0)           ; 0 (0)      ; |bit16|bit1:\I1:6:Bit1s|mux4to1:I8  ; mux4to1     ; work         ;
;       |sub:I3|              ; 1 (1)       ; 0            ; 0          ; 0    ; 0            ; 1 (1)        ; 0 (0)             ; 0 (0)            ; 0 (0)           ; 0 (0)      ; |bit16|bit1:\I1:6:Bit1s|sub:I3      ; sub         ; work         ;
;    |bit1:\I1:7:Bit1s|       ; 5 (0)       ; 0            ; 0          ; 0    ; 0            ; 5 (0)        ; 0 (0)             ; 0 (0)            ; 0 (0)           ; 0 (0)      ; |bit16|bit1:\I1:7:Bit1s             ; bit1        ; work         ;
;       |add:I6|              ; 1 (1)       ; 0            ; 0          ; 0    ; 0            ; 1 (1)        ; 0 (0)             ; 0 (0)            ; 0 (0)           ; 0 (0)      ; |bit16|bit1:\I1:7:Bit1s|add:I6      ; add         ; work         ;
;       |mux4to1:I8|          ; 3 (3)       ; 0            ; 0          ; 0    ; 0            ; 3 (3)        ; 0 (0)             ; 0 (0)            ; 0 (0)           ; 0 (0)      ; |bit16|bit1:\I1:7:Bit1s|mux4to1:I8  ; mux4to1     ; work         ;
;       |sub:I3|              ; 1 (1)       ; 0            ; 0          ; 0    ; 0            ; 1 (1)        ; 0 (0)             ; 0 (0)            ; 0 (0)           ; 0 (0)      ; |bit16|bit1:\I1:7:Bit1s|sub:I3      ; sub         ; work         ;
;    |bit1:\I1:8:Bit1s|       ; 5 (0)       ; 0            ; 0          ; 0    ; 0            ; 5 (0)        ; 0 (0)             ; 0 (0)            ; 0 (0)           ; 0 (0)      ; |bit16|bit1:\I1:8:Bit1s             ; bit1        ; work         ;
;       |add:I6|              ; 1 (1)       ; 0            ; 0          ; 0    ; 0            ; 1 (1)        ; 0 (0)             ; 0 (0)            ; 0 (0)           ; 0 (0)      ; |bit16|bit1:\I1:8:Bit1s|add:I6      ; add         ; work         ;
;       |mux4to1:I8|          ; 3 (3)       ; 0            ; 0          ; 0    ; 0            ; 3 (3)        ; 0 (0)             ; 0 (0)            ; 0 (0)           ; 0 (0)      ; |bit16|bit1:\I1:8:Bit1s|mux4to1:I8  ; mux4to1     ; work         ;
;       |sub:I3|              ; 1 (1)       ; 0            ; 0          ; 0    ; 0            ; 1 (1)        ; 0 (0)             ; 0 (0)            ; 0 (0)           ; 0 (0)      ; |bit16|bit1:\I1:8:Bit1s|sub:I3      ; sub         ; work         ;
;    |bit1:\I1:9:Bit1s|       ; 5 (0)       ; 0            ; 0          ; 0    ; 0            ; 5 (0)        ; 0 (0)             ; 0 (0)            ; 0 (0)           ; 0 (0)      ; |bit16|bit1:\I1:9:Bit1s             ; bit1        ; work         ;
;       |add:I6|              ; 1 (1)       ; 0            ; 0          ; 0    ; 0            ; 1 (1)        ; 0 (0)             ; 0 (0)            ; 0 (0)           ; 0 (0)      ; |bit16|bit1:\I1:9:Bit1s|add:I6      ; add         ; work         ;
;       |mux4to1:I8|          ; 3 (3)       ; 0            ; 0          ; 0    ; 0            ; 3 (3)        ; 0 (0)             ; 0 (0)            ; 0 (0)           ; 0 (0)      ; |bit16|bit1:\I1:9:Bit1s|mux4to1:I8  ; mux4to1     ; work         ;
;       |sub:I3|              ; 1 (1)       ; 0            ; 0          ; 0    ; 0            ; 1 (1)        ; 0 (0)             ; 0 (0)            ; 0 (0)           ; 0 (0)      ; |bit16|bit1:\I1:9:Bit1s|sub:I3      ; sub         ; work         ;
;    |cc:Control_Cercuit|     ; 4 (4)       ; 0            ; 0          ; 0    ; 0            ; 4 (4)        ; 0 (0)             ; 0 (0)            ; 0 (0)           ; 0 (0)      ; |bit16|cc:Control_Cercuit           ; cc          ; work         ;
;    |ofCheck:OVerflow_Check| ; 1 (1)       ; 0            ; 0          ; 0    ; 0            ; 1 (1)        ; 0 (0)             ; 0 (0)            ; 0 (0)           ; 0 (0)      ; |bit16|ofCheck:OVerflow_Check       ; ofCheck     ; work         ;
+-----------------------------+-------------+--------------+------------+------+--------------+--------------+-------------------+------------------+-----------------+------------+-------------------------------------+-------------+--------------+
Note: For table entries with two numbers listed, the numbers in parentheses indicate the number of resources of the given type used by the specific entity alone. The numbers listed outside of parentheses indicate the total resources of the given type used by the specific entity and all of its sub-entities in the hierarchy.


+------------------------------------------------------+
; General Register Statistics                          ;
+----------------------------------------------+-------+
; Statistic                                    ; Value ;
+----------------------------------------------+-------+
; Total registers                              ; 0     ;
; Number of registers using Synchronous Clear  ; 0     ;
; Number of registers using Synchronous Load   ; 0     ;
; Number of registers using Asynchronous Clear ; 0     ;
; Number of registers using Asynchronous Load  ; 0     ;
; Number of registers using Clock Enable       ; 0     ;
; Number of registers using Preset             ; 0     ;
+----------------------------------------------+-------+


+--------------------------------------------------------------------------------------------------------------------------------------------------------+
; Multiplexer Restructuring Statistics (Restructuring Performed)                                                                                         ;
+--------------------+-----------+---------------+----------------------+------------------------+------------+------------------------------------------+
; Multiplexer Inputs ; Bus Width ; Baseline Area ; Area if Restructured ; Saving if Restructured ; Registered ; Example Multiplexer Output               ;
+--------------------+-----------+---------------+----------------------+------------------------+------------+------------------------------------------+
; 4:1                ; 16 bits   ; 32 LEs        ; 32 LEs               ; 0 LEs                  ; No         ; |bit16|bit1:\I1:11:Bit1s|mux4to1:I8|Mux0 ;
+--------------------+-----------+---------------+----------------------+------------------------+------------+------------------------------------------+


+-------------------------------+
; Analysis & Synthesis Messages ;
+-------------------------------+
Info: *******************************************************************
Info: Running Quartus Prime Analysis & Synthesis
    Info: Version 19.1.0 Build 670 09/22/2019 SJ Lite Edition
    Info: Processing started: Sun May 30 05:15:35 2021
Info: Command: quartus_map --read_settings_files=on --write_settings_files=off bit16 -c bit16
Warning (18236): Number of processors has not been specified which may cause overloading on shared machines.  Set the global assignment NUM_PARALLEL_PROCESSORS in your QSF to an appropriate value for best performance.
Info (20030): Parallel compilation is enabled and will use 6 of the 6 processors detected
Info (12021): Found 26 design units, including 13 entities, in source file bit16.vhd
    Info (12022): Found design unit 1: orGate-Structural File: C:/Users/Senio/Desktop/DSD-113/bit16/bit16.vhd Line: 9
    Info (12022): Found design unit 2: andGate-Structural File: C:/Users/Senio/Desktop/DSD-113/bit16/bit16.vhd Line: 22
    Info (12022): Found design unit 3: add-Structural File: C:/Users/Senio/Desktop/DSD-113/bit16/bit16.vhd Line: 35
    Info (12022): Found design unit 4: notA-Structural File: C:/Users/Senio/Desktop/DSD-113/bit16/bit16.vhd Line: 49
    Info (12022): Found design unit 5: notB-Structural File: C:/Users/Senio/Desktop/DSD-113/bit16/bit16.vhd Line: 62
    Info (12022): Found design unit 6: sub-Structural File: C:/Users/Senio/Desktop/DSD-113/bit16/bit16.vhd Line: 75
    Info (12022): Found design unit 7: nandor-Structural File: C:/Users/Senio/Desktop/DSD-113/bit16/bit16.vhd Line: 90
    Info (12022): Found design unit 8: xorGate-Structural File: C:/Users/Senio/Desktop/DSD-113/bit16/bit16.vhd Line: 105
    Info (12022): Found design unit 9: mux4to1-Structural File: C:/Users/Senio/Desktop/DSD-113/bit16/bit16.vhd Line: 119
    Info (12022): Found design unit 10: bit1-Structural File: C:/Users/Senio/Desktop/DSD-113/bit16/bit16.vhd Line: 138
    Info (12022): Found design unit 11: cc-Structural File: C:/Users/Senio/Desktop/DSD-113/bit16/bit16.vhd Line: 208
    Info (12022): Found design unit 12: ofCheck-Structural File: C:/Users/Senio/Desktop/DSD-113/bit16/bit16.vhd Line: 274
    Info (12022): Found design unit 13: bit16-Structural File: C:/Users/Senio/Desktop/DSD-113/bit16/bit16.vhd Line: 291
    Info (12023): Found entity 1: orGate File: C:/Users/Senio/Desktop/DSD-113/bit16/bit16.vhd Line: 4
    Info (12023): Found entity 2: andGate File: C:/Users/Senio/Desktop/DSD-113/bit16/bit16.vhd Line: 17
    Info (12023): Found entity 3: add File: C:/Users/Senio/Desktop/DSD-113/bit16/bit16.vhd Line: 30
    Info (12023): Found entity 4: notA File: C:/Users/Senio/Desktop/DSD-113/bit16/bit16.vhd Line: 44
    Info (12023): Found entity 5: notB File: C:/Users/Senio/Desktop/DSD-113/bit16/bit16.vhd Line: 57
    Info (12023): Found entity 6: sub File: C:/Users/Senio/Desktop/DSD-113/bit16/bit16.vhd Line: 70
    Info (12023): Found entity 7: nandor File: C:/Users/Senio/Desktop/DSD-113/bit16/bit16.vhd Line: 85
    Info (12023): Found entity 8: xorGate File: C:/Users/Senio/Desktop/DSD-113/bit16/bit16.vhd Line: 100
    Info (12023): Found entity 9: mux4to1 File: C:/Users/Senio/Desktop/DSD-113/bit16/bit16.vhd Line: 113
    Info (12023): Found entity 10: bit1 File: C:/Users/Senio/Desktop/DSD-113/bit16/bit16.vhd Line: 131
    Info (12023): Found entity 11: cc File: C:/Users/Senio/Desktop/DSD-113/bit16/bit16.vhd Line: 202
    Info (12023): Found entity 12: ofCheck File: C:/Users/Senio/Desktop/DSD-113/bit16/bit16.vhd Line: 268
    Info (12023): Found entity 13: bit16 File: C:/Users/Senio/Desktop/DSD-113/bit16/bit16.vhd Line: 284
Info (12127): Elaborating entity "bit16" for the top level hierarchy
Info (12128): Elaborating entity "cc" for hierarchy "cc:Control_Cercuit" File: C:/Users/Senio/Desktop/DSD-113/bit16/bit16.vhd Line: 316
Info (12128): Elaborating entity "bit1" for hierarchy "bit1:\I1:0:Bit1s" File: C:/Users/Senio/Desktop/DSD-113/bit16/bit16.vhd Line: 318
Info (12128): Elaborating entity "notA" for hierarchy "bit1:\I1:0:Bit1s|notA:I0" File: C:/Users/Senio/Desktop/DSD-113/bit16/bit16.vhd Line: 188
Info (12128): Elaborating entity "nandor" for hierarchy "bit1:\I1:0:Bit1s|nandor:I1" File: C:/Users/Senio/Desktop/DSD-113/bit16/bit16.vhd Line: 189
Info (12128): Elaborating entity "notB" for hierarchy "bit1:\I1:0:Bit1s|notB:I2" File: C:/Users/Senio/Desktop/DSD-113/bit16/bit16.vhd Line: 190
Info (12128): Elaborating entity "sub" for hierarchy "bit1:\I1:0:Bit1s|sub:I3" File: C:/Users/Senio/Desktop/DSD-113/bit16/bit16.vhd Line: 191
Info (12128): Elaborating entity "andGate" for hierarchy "bit1:\I1:0:Bit1s|andGate:I4" File: C:/Users/Senio/Desktop/DSD-113/bit16/bit16.vhd Line: 192
Info (12128): Elaborating entity "orGate" for hierarchy "bit1:\I1:0:Bit1s|orGate:I5" File: C:/Users/Senio/Desktop/DSD-113/bit16/bit16.vhd Line: 193
Info (12128): Elaborating entity "add" for hierarchy "bit1:\I1:0:Bit1s|add:I6" File: C:/Users/Senio/Desktop/DSD-113/bit16/bit16.vhd Line: 194
Info (12128): Elaborating entity "xorGate" for hierarchy "bit1:\I1:0:Bit1s|xorGate:I7" File: C:/Users/Senio/Desktop/DSD-113/bit16/bit16.vhd Line: 195
Info (12128): Elaborating entity "mux4to1" for hierarchy "bit1:\I1:0:Bit1s|mux4to1:I8" File: C:/Users/Senio/Desktop/DSD-113/bit16/bit16.vhd Line: 196
Info (12128): Elaborating entity "ofCheck" for hierarchy "ofCheck:OVerflow_Check" File: C:/Users/Senio/Desktop/DSD-113/bit16/bit16.vhd Line: 320
Info (21057): Implemented 136 device resources after synthesis - the final resource count might be different
    Info (21058): Implemented 35 input pins
    Info (21059): Implemented 17 output pins
    Info (21061): Implemented 84 logic cells
Info: Quartus Prime Analysis & Synthesis was successful. 0 errors, 1 warning
    Info: Peak virtual memory: 4759 megabytes
    Info: Processing ended: Sun May 30 05:15:52 2021
    Info: Elapsed time: 00:00:17
    Info: Total CPU time (on all processors): 00:00:33


