Analysis & Elaboration report for bit1
Sun May 30 04:25:08 2021
Quartus Prime Version 19.1.0 Build 670 09/22/2019 SJ Lite Edition


---------------------
; Table of Contents ;
---------------------
  1. Legal Notice
  2. Analysis & Elaboration Summary
  3. Parallel Compilation
  4. Analysis & Elaboration Settings
  5. Analysis & Elaboration Messages



----------------
; Legal Notice ;
----------------
Copyright (C) 2019  Intel Corporation. All rights reserved.
Your use of Intel Corporation's design tools, logic functions 
and other software and tools, and any partner logic 
functions, and any output files from any of the foregoing 
(including device programming or simulation files), and any 
associated documentation or information are expressly subject 
to the terms and conditions of the Intel Program License 
Subscription Agreement, the Intel Quartus Prime License Agreement,
the Intel FPGA IP License Agreement, or other applicable license
agreement, including, without limitation, that your use is for
the sole purpose of programming logic devices manufactured by
Intel and sold by Intel or its authorized distributors.  Please
refer to the applicable agreement for further details, at
https://fpgasoftware.intel.com/eula.



+-----------------------------------------------------------------------------+
; Analysis & Elaboration Summary                                              ;
+-------------------------------+---------------------------------------------+
; Analysis & Elaboration Status ; Successful - Sun May 30 04:25:08 2021       ;
; Quartus Prime Version         ; 19.1.0 Build 670 09/22/2019 SJ Lite Edition ;
; Revision Name                 ; bit1                                        ;
; Top-level Entity Name         ; bit1                                        ;
; Family                        ; MAX V                                       ;
+-------------------------------+---------------------------------------------+


+------------------------------------------+
; Parallel Compilation                     ;
+----------------------------+-------------+
; Processors                 ; Number      ;
+----------------------------+-------------+
; Number detected on machine ; 6           ;
; Maximum allowed            ; 6           ;
;                            ;             ;
; Average used               ; 1.00        ;
; Maximum used               ; 1           ;
;                            ;             ;
; Usage by Processor         ; % Time Used ;
;     Processor 1            ; 100.0%      ;
+----------------------------+-------------+


+------------------------------------------------------------------------------------------------------------+
; Analysis & Elaboration Settings                                                                            ;
+------------------------------------------------------------------+--------------------+--------------------+
; Option                                                           ; Setting            ; Default Value      ;
+------------------------------------------------------------------+--------------------+--------------------+
; Top-level entity name                                            ; bit1               ; bit1               ;
; Family name                                                      ; MAX V              ; Cyclone V          ;
; Use smart compilation                                            ; Off                ; Off                ;
; Enable parallel Assembler and Timing Analyzer during compilation ; On                 ; On                 ;
; Enable compact report table                                      ; Off                ; Off                ;
; Restructure Multiplexers                                         ; Auto               ; Auto               ;
; Create Debugging Nodes for IP Cores                              ; Off                ; Off                ;
; Preserve fewer node names                                        ; On                 ; On                 ;
; Intel FPGA IP Evaluation Mode                                    ; Enable             ; Enable             ;
; Verilog Version                                                  ; Verilog_2001       ; Verilog_2001       ;
; VHDL Version                                                     ; VHDL_1993          ; VHDL_1993          ;
; State Machine Processing                                         ; Auto               ; Auto               ;
; Safe State Machine                                               ; Off                ; Off                ;
; Extract Verilog State Machines                                   ; On                 ; On                 ;
; Extract VHDL State Machines                                      ; On                 ; On                 ;
; Ignore Verilog initial constructs                                ; Off                ; Off                ;
; Iteration limit for constant Verilog loops                       ; 5000               ; 5000               ;
; Iteration limit for non-constant Verilog loops                   ; 250                ; 250                ;
; Add Pass-Through Logic to Inferred RAMs                          ; On                 ; On                 ;
; Infer RAMs from Raw Logic                                        ; On                 ; On                 ;
; Parallel Synthesis                                               ; On                 ; On                 ;
; NOT Gate Push-Back                                               ; On                 ; On                 ;
; Power-Up Don't Care                                              ; On                 ; On                 ;
; Remove Redundant Logic Cells                                     ; Off                ; Off                ;
; Remove Duplicate Registers                                       ; On                 ; On                 ;
; Ignore CARRY Buffers                                             ; Off                ; Off                ;
; Ignore CASCADE Buffers                                           ; Off                ; Off                ;
; Ignore GLOBAL Buffers                                            ; Off                ; Off                ;
; Ignore ROW GLOBAL Buffers                                        ; Off                ; Off                ;
; Ignore LCELL Buffers                                             ; Off                ; Off                ;
; Ignore SOFT Buffers                                              ; On                 ; On                 ;
; Limit AHDL Integers to 32 Bits                                   ; Off                ; Off                ;
; Optimization Technique                                           ; Balanced           ; Balanced           ;
; Carry Chain Length                                               ; 70                 ; 70                 ;
; Auto Carry Chains                                                ; On                 ; On                 ;
; Auto Open-Drain Pins                                             ; On                 ; On                 ;
; Perform WYSIWYG Primitive Resynthesis                            ; Off                ; Off                ;
; Auto Shift Register Replacement                                  ; Auto               ; Auto               ;
; Allow Shift Register Merging across Hierarchies                  ; Auto               ; Auto               ;
; Auto Clock Enable Replacement                                    ; On                 ; On                 ;
; Allow Synchronous Control Signals                                ; On                 ; On                 ;
; Force Use of Synchronous Clear Signals                           ; Off                ; Off                ;
; Auto Resource Sharing                                            ; Off                ; Off                ;
; Use LogicLock Constraints during Resource Balancing              ; On                 ; On                 ;
; Ignore translate_off and synthesis_off directives                ; Off                ; Off                ;
; Report Parameter Settings                                        ; On                 ; On                 ;
; Report Source Assignments                                        ; On                 ; On                 ;
; Report Connectivity Checks                                       ; On                 ; On                 ;
; Ignore Maximum Fan-Out Assignments                               ; Off                ; Off                ;
; Synchronization Register Chain Length                            ; 2                  ; 2                  ;
; Power Optimization During Synthesis                              ; Normal compilation ; Normal compilation ;
; HDL message level                                                ; Level2             ; Level2             ;
; Suppress Register Optimization Related Messages                  ; Off                ; Off                ;
; Number of Removed Registers Reported in Synthesis Report         ; 5000               ; 5000               ;
; Number of Swept Nodes Reported in Synthesis Report               ; 5000               ; 5000               ;
; Number of Inverted Registers Reported in Synthesis Report        ; 100                ; 100                ;
; Clock MUX Protection                                             ; On                 ; On                 ;
; Block Design Naming                                              ; Auto               ; Auto               ;
; Synthesis Effort                                                 ; Auto               ; Auto               ;
; Shift Register Replacement - Allow Asynchronous Clear Signal     ; On                 ; On                 ;
; Analysis & Synthesis Message Level                               ; Medium             ; Medium             ;
; Disable Register Merging Across Hierarchies                      ; Auto               ; Auto               ;
+------------------------------------------------------------------+--------------------+--------------------+


+---------------------------------+
; Analysis & Elaboration Messages ;
+---------------------------------+
Info: *******************************************************************
Info: Running Quartus Prime Analysis & Elaboration
    Info: Version 19.1.0 Build 670 09/22/2019 SJ Lite Edition
    Info: Processing started: Sun May 30 04:24:54 2021
Info: Command: quartus_map --read_settings_files=on --write_settings_files=off bit1 -c bit1 --analysis_and_elaboration
Warning (18236): Number of processors has not been specified which may cause overloading on shared machines.  Set the global assignment NUM_PARALLEL_PROCESSORS in your QSF to an appropriate value for best performance.
Info (20030): Parallel compilation is enabled and will use 6 of the 6 processors detected
Info (12021): Found 21 design units, including 10 entities, in source file bit1.vhd
    Info (12022): Found design unit 1: orGate-Structural File: C:/Users/Senio/Desktop/DSD-113/bit1/bit1.vhd Line: 9
    Info (12022): Found design unit 2: andGate-Structural File: C:/Users/Senio/Desktop/DSD-113/bit1/bit1.vhd Line: 22
    Info (12022): Found design unit 3: add-Structural File: C:/Users/Senio/Desktop/DSD-113/bit1/bit1.vhd Line: 35
    Info (12022): Found design unit 4: notA-Structural File: C:/Users/Senio/Desktop/DSD-113/bit1/bit1.vhd Line: 49
    Info (12022): Found design unit 5: notB-Structural File: C:/Users/Senio/Desktop/DSD-113/bit1/bit1.vhd Line: 62
    Info (12022): Found design unit 6: sub-Structural File: C:/Users/Senio/Desktop/DSD-113/bit1/bit1.vhd Line: 75
    Info (12022): Found design unit 7: nandor-Structural File: C:/Users/Senio/Desktop/DSD-113/bit1/bit1.vhd Line: 90
    Info (12022): Found design unit 8: xorGate-Structural File: C:/Users/Senio/Desktop/DSD-113/bit1/bit1.vhd Line: 105
    Info (12022): Found design unit 9: mux4to1-Structural File: C:/Users/Senio/Desktop/DSD-113/bit1/bit1.vhd Line: 119
    Info (12022): Found design unit 10: bit1-Structural File: C:/Users/Senio/Desktop/DSD-113/bit1/bit1.vhd Line: 139
    Info (12022): Found design unit 11: bit1_package File: C:/Users/Senio/Desktop/DSD-113/bit1/bit1.vhd Line: 202
    Info (12023): Found entity 1: orGate File: C:/Users/Senio/Desktop/DSD-113/bit1/bit1.vhd Line: 4
    Info (12023): Found entity 2: andGate File: C:/Users/Senio/Desktop/DSD-113/bit1/bit1.vhd Line: 17
    Info (12023): Found entity 3: add File: C:/Users/Senio/Desktop/DSD-113/bit1/bit1.vhd Line: 30
    Info (12023): Found entity 4: notA File: C:/Users/Senio/Desktop/DSD-113/bit1/bit1.vhd Line: 44
    Info (12023): Found entity 5: notB File: C:/Users/Senio/Desktop/DSD-113/bit1/bit1.vhd Line: 57
    Info (12023): Found entity 6: sub File: C:/Users/Senio/Desktop/DSD-113/bit1/bit1.vhd Line: 70
    Info (12023): Found entity 7: nandor File: C:/Users/Senio/Desktop/DSD-113/bit1/bit1.vhd Line: 85
    Info (12023): Found entity 8: xorGate File: C:/Users/Senio/Desktop/DSD-113/bit1/bit1.vhd Line: 100
    Info (12023): Found entity 9: mux4to1 File: C:/Users/Senio/Desktop/DSD-113/bit1/bit1.vhd Line: 113
    Info (12023): Found entity 10: bit1 File: C:/Users/Senio/Desktop/DSD-113/bit1/bit1.vhd Line: 132
Info (12127): Elaborating entity "bit1" for the top level hierarchy
Info (12128): Elaborating entity "notA" for hierarchy "notA:I0" File: C:/Users/Senio/Desktop/DSD-113/bit1/bit1.vhd Line: 189
Info (12128): Elaborating entity "nandor" for hierarchy "nandor:I1" File: C:/Users/Senio/Desktop/DSD-113/bit1/bit1.vhd Line: 190
Info (12128): Elaborating entity "notB" for hierarchy "notB:I2" File: C:/Users/Senio/Desktop/DSD-113/bit1/bit1.vhd Line: 191
Info (12128): Elaborating entity "sub" for hierarchy "sub:I3" File: C:/Users/Senio/Desktop/DSD-113/bit1/bit1.vhd Line: 192
Info (12128): Elaborating entity "andGate" for hierarchy "andGate:I4" File: C:/Users/Senio/Desktop/DSD-113/bit1/bit1.vhd Line: 193
Info (12128): Elaborating entity "orGate" for hierarchy "orGate:I5" File: C:/Users/Senio/Desktop/DSD-113/bit1/bit1.vhd Line: 194
Info (12128): Elaborating entity "add" for hierarchy "add:I6" File: C:/Users/Senio/Desktop/DSD-113/bit1/bit1.vhd Line: 195
Info (12128): Elaborating entity "xorGate" for hierarchy "xorGate:I7" File: C:/Users/Senio/Desktop/DSD-113/bit1/bit1.vhd Line: 196
Info (12128): Elaborating entity "mux4to1" for hierarchy "mux4to1:I8" File: C:/Users/Senio/Desktop/DSD-113/bit1/bit1.vhd Line: 197
Info: Quartus Prime Analysis & Elaboration was successful. 0 errors, 1 warning
    Info: Peak virtual memory: 4757 megabytes
    Info: Processing ended: Sun May 30 04:25:08 2021
    Info: Elapsed time: 00:00:14
    Info: Total CPU time (on all processors): 00:00:30


